<?xml version="1.0" encoding="UTF-8"?>
<!-- Generated by org.testng.reporters.JUnitXMLReporter -->
<testsuite ignored="0" hostname="snagarajan-MacBook-Pro" failures="0" tests="7" name="UiTestingPlayGroundTest" time="42.813" errors="0" timestamp="08 Oct 2022 07:01:54 GMT">
  <testcase classname="TestCases.UiTestingPlayGroundCases" name="TC_01_DYNAMIC_LINK_VALIDATION" time="1.149"/>
  <testcase classname="TestCases.UiTestingPlayGroundCases" name="TC_02_DYNAMIC_WEB_TABLE_VALIDATION" time="0.993"/>
  <testcase classname="TestCases.UiTestingPlayGroundCases" name="TC_03_ENTERING_TEXT_IN_OVERLAPPED_ELEMENT_VALIDATION" time="0.978"/>
  <testcase classname="TestCases.UiTestingPlayGroundCases" name="TC04_Non_Breaking_Space" time="1.104"/>
  <testcase classname="TestCases.UiTestingPlayGroundCases" name="TC05_VISIBILITY_TEST" time="1.48"/>
  <testcase classname="TestCases.UiTestingPlayGroundCases" name="TC06_AJAX_DATA_TEST" time="16.695"/>
  <testcase classname="TestCases.UiTestingPlayGroundCases" name="TC7_LOAD_DELAY_TEST" time="6.232"/>
</testsuite> <!-- UiTestingPlayGroundTest -->
