<?xml version="1.0" encoding="UTF-8"?>
<!-- Generated by org.testng.reporters.JUnitXMLReporter -->
<testsuite ignored="0" hostname="snagarajan-MacBook-Pro" failures="0" tests="7" name="UiTestingPlayGroundTest" time="40.77" errors="0" timestamp="20 Oct 2022 14:11:07 GMT">
  <testcase classname="TestCases.UiTestingPlayGroundCases" name="TC_01_DYNAMIC_LINK_VALIDATION" time="0.809"/>
  <testcase classname="TestCases.UiTestingPlayGroundCases" name="TC_02_DYNAMIC_WEB_TABLE_VALIDATION" time="1.111"/>
  <testcase classname="TestCases.UiTestingPlayGroundCases" name="TC_03_ENTERING_TEXT_IN_OVERLAPPED_ELEMENT_VALIDATION" time="0.771"/>
  <testcase classname="TestCases.UiTestingPlayGroundCases" name="TC04_Non_Breaking_Space" time="1.223"/>
  <testcase classname="TestCases.UiTestingPlayGroundCases" name="TC05_VISIBILITY_TEST" time="0.712"/>
  <testcase classname="TestCases.UiTestingPlayGroundCases" name="TC06_AJAX_DATA_TEST" time="16.367"/>
  <testcase classname="TestCases.UiTestingPlayGroundCases" name="TC7_LOAD_DELAY_TEST" time="5.613"/>
</testsuite> <!-- UiTestingPlayGroundTest -->
