<?xml version="1.0" encoding="UTF-8"?>
<testng-results ignored="0" total="7" passed="7" failed="0" skipped="0">
  <reporter-output>
  </reporter-output>
  <suite started-at="2022-10-08T07:01:11Z" name="Suite-1" finished-at="2022-10-08T07:01:54Z" duration-ms="42813">
    <groups>
    </groups>
    <test started-at="2022-10-08T07:01:11Z" name="UiTestingPlayGroundTest" finished-at="2022-10-08T07:01:54Z" duration-ms="42813">
      <class name="TestCases.UiTestingPlayGroundCases">
        <test-method is-config="true" signature="setUp()[pri:0, instance:TestCases.UiTestingPlayGroundCases@15043a2f]" started-at="2022-10-08T12:31:08Z" name="setUp" finished-at="2022-10-08T12:31:11Z" duration-ms="3526" status="PASS">
          <reporter-output>
          </reporter-output>
        </test-method> <!-- setUp -->
        <test-method is-config="true" signature="BeforeAllTests()[pri:0, instance:TestCases.UiTestingPlayGroundCases@15043a2f]" started-at="2022-10-08T12:31:11Z" name="BeforeAllTests" finished-at="2022-10-08T12:31:11Z" duration-ms="0" status="PASS">
          <reporter-output>
          </reporter-output>
        </test-method> <!-- BeforeAllTests -->
        <test-method signature="TC_01_DYNAMIC_LINK_VALIDATION()[pri:1, instance:TestCases.UiTestingPlayGroundCases@15043a2f]" started-at="2022-10-08T12:31:11Z" name="TC_01_DYNAMIC_LINK_VALIDATION" finished-at="2022-10-08T12:31:12Z" duration-ms="1149" status="PASS">
          <reporter-output>
          </reporter-output>
        </test-method> <!-- TC_01_DYNAMIC_LINK_VALIDATION -->
        <test-method is-config="true" signature="afterEveryTestCase(org.testng.ITestResult)[pri:0, instance:TestCases.UiTestingPlayGroundCases@15043a2f]" started-at="2022-10-08T12:31:12Z" name="afterEveryTestCase" finished-at="2022-10-08T12:31:14Z" duration-ms="2027" status="PASS">
          <params>
            <param index="0">
              <value>
                <![CDATA[[TestResult name=TC_01_DYNAMIC_LINK_VALIDATION status=SUCCESS method=UiTestingPlayGroundCases.TC_01_DYNAMIC_LINK_VALIDATION()[pri:1, instance:TestCases.UiTestingPlayGroundCases@15043a2f] output={null}]]]>
              </value>
            </param>
          </params>
          <reporter-output>
          </reporter-output>
        </test-method> <!-- afterEveryTestCase -->
        <test-method signature="TC_02_DYNAMIC_WEB_TABLE_VALIDATION()[pri:2, instance:TestCases.UiTestingPlayGroundCases@15043a2f]" started-at="2022-10-08T12:31:14Z" name="TC_02_DYNAMIC_WEB_TABLE_VALIDATION" finished-at="2022-10-08T12:31:15Z" duration-ms="993" status="PASS">
          <reporter-output>
          </reporter-output>
        </test-method> <!-- TC_02_DYNAMIC_WEB_TABLE_VALIDATION -->
        <test-method is-config="true" signature="afterEveryTestCase(org.testng.ITestResult)[pri:0, instance:TestCases.UiTestingPlayGroundCases@15043a2f]" started-at="2022-10-08T12:31:15Z" name="afterEveryTestCase" finished-at="2022-10-08T12:31:17Z" duration-ms="2019" status="PASS">
          <params>
            <param index="0">
              <value>
                <![CDATA[[TestResult name=TC_02_DYNAMIC_WEB_TABLE_VALIDATION status=SUCCESS method=UiTestingPlayGroundCases.TC_02_DYNAMIC_WEB_TABLE_VALIDATION()[pri:2, instance:TestCases.UiTestingPlayGroundCases@15043a2f] output={null}]]]>
              </value>
            </param>
          </params>
          <reporter-output>
          </reporter-output>
        </test-method> <!-- afterEveryTestCase -->
        <test-method signature="TC_03_ENTERING_TEXT_IN_OVERLAPPED_ELEMENT_VALIDATION()[pri:3, instance:TestCases.UiTestingPlayGroundCases@15043a2f]" started-at="2022-10-08T12:31:17Z" name="TC_03_ENTERING_TEXT_IN_OVERLAPPED_ELEMENT_VALIDATION" finished-at="2022-10-08T12:31:18Z" duration-ms="978" status="PASS">
          <reporter-output>
          </reporter-output>
        </test-method> <!-- TC_03_ENTERING_TEXT_IN_OVERLAPPED_ELEMENT_VALIDATION -->
        <test-method is-config="true" signature="afterEveryTestCase(org.testng.ITestResult)[pri:0, instance:TestCases.UiTestingPlayGroundCases@15043a2f]" started-at="2022-10-08T12:31:18Z" name="afterEveryTestCase" finished-at="2022-10-08T12:31:20Z" duration-ms="2026" status="PASS">
          <params>
            <param index="0">
              <value>
                <![CDATA[[TestResult name=TC_03_ENTERING_TEXT_IN_OVERLAPPED_ELEMENT_VALIDATION status=SUCCESS method=UiTestingPlayGroundCases.TC_03_ENTERING_TEXT_IN_OVERLAPPED_ELEMENT_VALIDATION()[pri:3, instance:TestCases.UiTestingPlayGroundCases@15043a2f] output={null}]]]>
              </value>
            </param>
          </params>
          <reporter-output>
          </reporter-output>
        </test-method> <!-- afterEveryTestCase -->
        <test-method signature="TC04_Non_Breaking_Space()[pri:4, instance:TestCases.UiTestingPlayGroundCases@15043a2f]" started-at="2022-10-08T12:31:20Z" name="TC04_Non_Breaking_Space" finished-at="2022-10-08T12:31:21Z" duration-ms="1104" status="PASS">
          <reporter-output>
          </reporter-output>
        </test-method> <!-- TC04_Non_Breaking_Space -->
        <test-method is-config="true" signature="afterEveryTestCase(org.testng.ITestResult)[pri:0, instance:TestCases.UiTestingPlayGroundCases@15043a2f]" started-at="2022-10-08T12:31:21Z" name="afterEveryTestCase" finished-at="2022-10-08T12:31:23Z" duration-ms="2021" status="PASS">
          <params>
            <param index="0">
              <value>
                <![CDATA[[TestResult name=TC04_Non_Breaking_Space status=SUCCESS method=UiTestingPlayGroundCases.TC04_Non_Breaking_Space()[pri:4, instance:TestCases.UiTestingPlayGroundCases@15043a2f] output={null}]]]>
              </value>
            </param>
          </params>
          <reporter-output>
          </reporter-output>
        </test-method> <!-- afterEveryTestCase -->
        <test-method signature="TC05_VISIBILITY_TEST()[pri:5, instance:TestCases.UiTestingPlayGroundCases@15043a2f]" started-at="2022-10-08T12:31:23Z" name="TC05_VISIBILITY_TEST" finished-at="2022-10-08T12:31:25Z" duration-ms="1480" status="PASS">
          <reporter-output>
          </reporter-output>
        </test-method> <!-- TC05_VISIBILITY_TEST -->
        <test-method is-config="true" signature="afterEveryTestCase(org.testng.ITestResult)[pri:0, instance:TestCases.UiTestingPlayGroundCases@15043a2f]" started-at="2022-10-08T12:31:25Z" name="afterEveryTestCase" finished-at="2022-10-08T12:31:27Z" duration-ms="2025" status="PASS">
          <params>
            <param index="0">
              <value>
                <![CDATA[[TestResult name=TC05_VISIBILITY_TEST status=SUCCESS method=UiTestingPlayGroundCases.TC05_VISIBILITY_TEST()[pri:5, instance:TestCases.UiTestingPlayGroundCases@15043a2f] output={null}]]]>
              </value>
            </param>
          </params>
          <reporter-output>
          </reporter-output>
        </test-method> <!-- afterEveryTestCase -->
        <test-method signature="TC06_AJAX_DATA_TEST()[pri:6, instance:TestCases.UiTestingPlayGroundCases@15043a2f]" started-at="2022-10-08T12:31:27Z" name="TC06_AJAX_DATA_TEST" finished-at="2022-10-08T12:31:44Z" duration-ms="16695" status="PASS">
          <reporter-output>
          </reporter-output>
        </test-method> <!-- TC06_AJAX_DATA_TEST -->
        <test-method is-config="true" signature="afterEveryTestCase(org.testng.ITestResult)[pri:0, instance:TestCases.UiTestingPlayGroundCases@15043a2f]" started-at="2022-10-08T12:31:44Z" name="afterEveryTestCase" finished-at="2022-10-08T12:31:46Z" duration-ms="2027" status="PASS">
          <params>
            <param index="0">
              <value>
                <![CDATA[[TestResult name=TC06_AJAX_DATA_TEST status=SUCCESS method=UiTestingPlayGroundCases.TC06_AJAX_DATA_TEST()[pri:6, instance:TestCases.UiTestingPlayGroundCases@15043a2f] output={null}]]]>
              </value>
            </param>
          </params>
          <reporter-output>
          </reporter-output>
        </test-method> <!-- afterEveryTestCase -->
        <test-method signature="TC7_LOAD_DELAY_TEST()[pri:7, instance:TestCases.UiTestingPlayGroundCases@15043a2f]" started-at="2022-10-08T12:31:46Z" name="TC7_LOAD_DELAY_TEST" finished-at="2022-10-08T12:31:52Z" duration-ms="6232" status="PASS">
          <reporter-output>
          </reporter-output>
        </test-method> <!-- TC7_LOAD_DELAY_TEST -->
        <test-method is-config="true" signature="afterEveryTestCase(org.testng.ITestResult)[pri:0, instance:TestCases.UiTestingPlayGroundCases@15043a2f]" started-at="2022-10-08T12:31:52Z" name="afterEveryTestCase" finished-at="2022-10-08T12:31:54Z" duration-ms="2023" status="PASS">
          <params>
            <param index="0">
              <value>
                <![CDATA[[TestResult name=TC7_LOAD_DELAY_TEST status=SUCCESS method=UiTestingPlayGroundCases.TC7_LOAD_DELAY_TEST()[pri:7, instance:TestCases.UiTestingPlayGroundCases@15043a2f] output={null}]]]>
              </value>
            </param>
          </params>
          <reporter-output>
          </reporter-output>
        </test-method> <!-- afterEveryTestCase -->
        <test-method is-config="true" signature="AfterAllTests()[pri:0, instance:TestCases.UiTestingPlayGroundCases@15043a2f]" started-at="2022-10-08T12:31:54Z" name="AfterAllTests" finished-at="2022-10-08T12:31:54Z" duration-ms="1" status="PASS">
          <reporter-output>
          </reporter-output>
        </test-method> <!-- AfterAllTests -->
        <test-method is-config="true" signature="destroyDriver()[pri:0, instance:TestCases.UiTestingPlayGroundCases@15043a2f]" started-at="2022-10-08T12:31:54Z" name="destroyDriver" finished-at="2022-10-08T12:31:54Z" duration-ms="72" status="PASS">
          <reporter-output>
          </reporter-output>
        </test-method> <!-- destroyDriver -->
      </class> <!-- TestCases.UiTestingPlayGroundCases -->
    </test> <!-- UiTestingPlayGroundTest -->
  </suite> <!-- Suite-1 -->
</testng-results>
