<?xml version="1.0" encoding="UTF-8"?>
<testsuite xmlns:xsi="http://www.w3.org/2001/XMLSchema-instance" xsi:noNamespaceSchemaLocation="https://maven.apache.org/surefire/maven-surefire-plugin/xsd/surefire-test-report-3.0.xsd" version="3.0" name="TestSuite" time="46.992" tests="7" errors="0" skipped="0" failures="0">
  <properties>
[...]
</properties>
  <testcase name="TC_01_DYNAMIC_LINK_VALIDATION" classname="TestCases.UiTestingPlayGroundCases" time="0.809"/>
  <testcase name="TC_02_DYNAMIC_WEB_TABLE_VALIDATION" classname="TestCases.UiTestingPlayGroundCases" time="1.11"/>
  <testcase name="TC_03_ENTERING_TEXT_IN_OVERLAPPED_ELEMENT_VALIDATION" classname="TestCases.UiTestingPlayGroundCases" time="0.771"/>
  <testcase name="TC04_Non_Breaking_Space" classname="TestCases.UiTestingPlayGroundCases" time="1.223"/>
  <testcase name="TC05_VISIBILITY_TEST" classname="TestCases.UiTestingPlayGroundCases" time="0.712"/>
  <testcase name="TC06_AJAX_DATA_TEST" classname="TestCases.UiTestingPlayGroundCases" time="16.366"/>
  <testcase name="TC7_LOAD_DELAY_TEST" classname="TestCases.UiTestingPlayGroundCases" time="5.612"/>
</testsuite>